{
  "RSpec": {
    "coverage": {
      "/Users/kaileykaes/turing_work/3mod/projects/rails_engine/config/environment.rb": {
        "lines": [
          null,
          1,
          null,
          null,
          1
        ]
      },
      "/Users/kaileykaes/turing_work/3mod/projects/rails_engine/config/application.rb": {
        "lines": [
          1,
          null,
          1,
          null,
          1,
          1,
          1,
          1,
          1,
          1,
          1,
          1,
          1,
          1,
          null,
          null,
          null,
          null,
          1,
          null,
          1,
          1,
          null,
          1,
          null,
          null,
          null,
          null,
          null,
          null,
          null,
          null,
          null,
          null,
          null,
          null,
          1,
          null,
          null
        ]
      },
      "/Users/kaileykaes/turing_work/3mod/projects/rails_engine/config/boot.rb": {
        "lines": [
          1,
          null,
          1,
          1
        ]
      },
      "/Users/kaileykaes/turing_work/3mod/projects/rails_engine/config/environments/test.rb": {
        "lines": [
          1,
          null,
          null,
          null,
          null,
          null,
          null,
          1,
          null,
          null,
          null,
          1,
          null,
          null,
          null,
          null,
          1,
          null,
          null,
          1,
          1,
          null,
          null,
          null,
          null,
          1,
          1,
          1,
          null,
          null,
          1,
          null,
          null,
          1,
          null,
          null,
          1,
          null,
          1,
          null,
          null,
          null,
          null,
          1,
          null,
          null,
          1,
          null,
          null,
          1,
          null,
          null,
          1,
          null,
          null,
          null,
          null,
          null,
          null,
          null
        ]
      },
      "/Users/kaileykaes/turing_work/3mod/projects/rails_engine/config/initializers/cors.rb": {
        "lines": [
          null,
          null,
          null,
          null,
          null,
          null,
          null,
          null,
          null,
          null,
          null,
          null,
          null,
          null,
          null,
          null
        ]
      },
      "/Users/kaileykaes/turing_work/3mod/projects/rails_engine/config/initializers/filter_parameter_logging.rb": {
        "lines": [
          null,
          null,
          null,
          null,
          null,
          1,
          null,
          null
        ]
      },
      "/Users/kaileykaes/turing_work/3mod/projects/rails_engine/config/initializers/inflections.rb": {
        "lines": [
          null,
          null,
          null,
          null,
          null,
          null,
          null,
          null,
          null,
          null,
          null,
          null,
          null,
          null,
          null,
          null
        ]
      },
      "/Users/kaileykaes/turing_work/3mod/projects/rails_engine/spec/factories.rb": {
        "lines": [

        ]
      },
      "/Users/kaileykaes/turing_work/3mod/projects/rails_engine/config/routes.rb": {
        "lines": [
          1,
          null,
          null,
          null,
          null,
          null
        ]
      },
      "/Users/kaileykaes/turing_work/3mod/projects/rails_engine/app/models/customer.rb": {
        "lines": [
          1,
          null,
          null
        ]
      },
      "/Users/kaileykaes/turing_work/3mod/projects/rails_engine/app/models/application_record.rb": {
        "lines": [
          1,
          1,
          null
        ]
      },
      "/Users/kaileykaes/turing_work/3mod/projects/rails_engine/spec/models/invoice_item_spec.rb": {
        "lines": [

        ]
      },
      "/Users/kaileykaes/turing_work/3mod/projects/rails_engine/spec/models/invoice_spec.rb": {
        "lines": [

        ]
      },
      "/Users/kaileykaes/turing_work/3mod/projects/rails_engine/spec/models/item_spec.rb": {
        "lines": [

        ]
      },
      "/Users/kaileykaes/turing_work/3mod/projects/rails_engine/spec/models/merchant_spec.rb": {
        "lines": [

        ]
      },
      "/Users/kaileykaes/turing_work/3mod/projects/rails_engine/spec/models/transaction_spec.rb": {
        "lines": [

        ]
      }
    },
    "timestamp": 1689098858
  }
}
